[00:27:31] [Server thread/INFO]: Stopping the server
[00:27:31] [Server thread/INFO]: Stopping server
[00:27:31] [Server thread/INFO]: [ChopTree3] Disabling ChopTree3 v4.0.0
[00:27:31] [Server thread/INFO]: [WorldGuard] Disabling WorldGuard v6.1.3-SNAPSHOT;c904242
[00:27:31] [Server thread/INFO]: [WorldGuard] Shutting down executor and waiting for any pending tasks...
[00:27:32] [Server thread/INFO]: [Multiverse-Core] Disabling Multiverse-Core v2.4-b527
[00:27:32] [Server thread/INFO]: [Multiverse-Core] - Disabled
[00:27:32] [Server thread/INFO]: [Essentials] Disabling Essentials v2.0.1-b461
[00:27:32] [Server thread/INFO]: [FarmProtect] Disabling FarmProtect v1.8.3
[00:27:32] [Server thread/INFO]: [WorldEdit] Disabling WorldEdit v6.1.3;7a097ca
[00:27:32] [Server thread/INFO]: [HopperPipes] Disabling HopperPipes v0.1
[00:27:32] [Server thread/INFO]: [dynmap] Disabling dynmap v2.3-1142
[00:27:32] [Server thread/INFO]: [dynmap] Unloaded 11 components.
[00:27:32] [Server thread/INFO]: [dynmap] Stopping map renderer...
[00:27:33] [Server thread/INFO]: [dynmap] Disabled
[00:27:33] [Server thread/INFO]: [PermissionsEx] Disabling PermissionsEx v1.23.4
[00:27:33] [Server thread/INFO]: [GetCoord] Disabling GetCoord v1.0.0
[00:27:33] [Server thread/INFO]: Saving players
[00:27:33] [Server thread/INFO]: Saving worlds
[00:27:33] [Server thread/INFO]: Saving chunks for level 'world'/Overworld
[00:27:33] [Server thread/INFO]: Saving chunks for level 'world_nether'/Nether
[00:27:33] [Server thread/INFO]: Saving chunks for level 'world_the_end'/The End
[00:27:33] [Server thread/INFO]: Saving chunks for level 'gaikaku'/Overworld
