2017-02-02 17:40:46 [î•ñ] [Multiverse-Core] - Version 2.4-b527 (API v14) Enabled - By Rigby, fernferret, lithium3141 and main--
2017-02-02 17:40:46 [î•ñ] [Multiverse-Core] Loading World & Settings - 'world' - Env: NORMAL - Type: NORMAL & seed: -8101145141919893
2017-02-02 17:40:46 [î•ñ] [Multiverse-Core] Loading World & Settings - 'world_nether' - Env: NETHER - Type: NORMAL & seed: -8101145141919893
2017-02-02 17:40:46 [Œx] [Multiverse-Core] Spawn location from world.dat file was unsafe. Adjusting...
2017-02-02 17:40:46 [Œx] [Multiverse-Core] Original Location: X: 0 Y: 0 Z: 0 P: 0 Y: 0 
2017-02-02 17:40:46 [î•ñ] [Multiverse-Core] New Spawn for 'world_nether' is Located at: world_nether:-7.50,5.00,-6.50:0.00:0.00
2017-02-02 17:40:47 [î•ñ] [Multiverse-Core] Loading World & Settings - 'world_the_end' - Env: THE_END - Type: NORMAL & seed: -8101145141919893
2017-02-02 17:40:47 [Œx] [Multiverse-Core] Spawn location from world.dat file was unsafe. Adjusting...
2017-02-02 17:40:47 [Œx] [Multiverse-Core] Original Location: X: 0 Y: 0 Z: 0 P: 0 Y: 0 
2017-02-02 17:40:47 [î•ñ] [Multiverse-Core] New Spawn for 'world_the_end' is Located at: world_the_end:0.00,63.00,0.00:0.00:0.00
2017-02-02 17:40:47 [î•ñ] [Multiverse-Core] Loading World & Settings - 'world' - Env: NORMAL - Type: NORMAL & seed: -8101145141919893
2017-02-02 17:40:47 [î•ñ] [Multiverse-Core] Loading World & Settings - 'world_nether' - Env: NETHER - Type: NORMAL & seed: -8101145141919893
2017-02-02 17:40:47 [î•ñ] [Multiverse-Core] Loading World & Settings - 'world_the_end' - Env: THE_END - Type: NORMAL & seed: -8101145141919893
2017-02-02 17:40:47 [î•ñ] [Multiverse-Core] 3 - World(s) loaded.
2017-02-02 17:57:58 [î•ñ] [Multiverse-Core] Loading World & Settings - 'gaikaku' - Env: NORMAL - Type: null
2017-02-02 17:58:00 [Œx] [Multiverse-Core] Spawn location from world.dat file was unsafe. Adjusting...
2017-02-02 17:58:00 [Œx] [Multiverse-Core] Original Location: X: -281 Y: 172 Z: 31 P: 0 Y: 0 
2017-02-02 17:58:00 [î•ñ] [Multiverse-Core] New Spawn for 'gaikaku' is Located at: gaikaku:-279.50,172.00,24.50:0.00:0.00
2017-02-03 20:46:47 [î•ñ] [Multiverse-Core] - Version 2.4-b527 (API v14) Enabled - By Rigby, fernferret, lithium3141 and main--
2017-02-03 20:46:47 [î•ñ] [Multiverse-Core] Loading World & Settings - 'world' - Env: NORMAL - Type: NORMAL & seed: -8101145141919893
2017-02-03 20:46:47 [î•ñ] [Multiverse-Core] Loading World & Settings - 'world_nether' - Env: NETHER - Type: NORMAL & seed: -8101145141919893
2017-02-03 20:46:47 [î•ñ] [Multiverse-Core] Loading World & Settings - 'world_the_end' - Env: THE_END - Type: NORMAL & seed: -8101145141919893
2017-02-03 20:46:47 [î•ñ] [Multiverse-Core] Loading World & Settings - 'gaikaku' - Env: NORMAL - Type: NORMAL & seed: -205671470
2017-02-03 20:46:49 [î•ñ] [Multiverse-Core] 4 - World(s) loaded.
2017-02-09 18:37:55 [î•ñ] [Multiverse-Core] - Version 2.4-b527 (API v14) Enabled - By Rigby, fernferret, lithium3141 and main--
2017-02-09 18:37:55 [î•ñ] [Multiverse-Core] Loading World & Settings - 'world' - Env: NORMAL - Type: NORMAL & seed: -8101145141919893
2017-02-09 18:37:57 [î•ñ] [Multiverse-Core] Loading World & Settings - 'world_nether' - Env: NETHER - Type: NORMAL & seed: -8101145141919893
2017-02-09 18:37:57 [î•ñ] [Multiverse-Core] Loading World & Settings - 'world_the_end' - Env: THE_END - Type: NORMAL & seed: -8101145141919893
2017-02-09 18:37:57 [î•ñ] [Multiverse-Core] Loading World & Settings - 'gaikaku' - Env: NORMAL - Type: NORMAL & seed: -205671470
2017-02-09 18:37:59 [î•ñ] [Multiverse-Core] 4 - World(s) loaded.
